<?xml version="1.0" encoding="UTF-8"?>
<!-- Generated by org.testng.reporters.JUnitReportReporter -->
<testsuite hostname="GANESH" failures="0" tests="2" name="testCases.TC104_BookHotelTest" time="13.593" errors="0" timestamp="2024-12-30T08:47:16 IST" skipped="0">
  <testcase classname="testCases.TC104_BookHotelTest" name="validlogin" time="2.832"/>
  <testcase classname="testCases.TC104_BookHotelTest" name="bookhotel" time="10.761"/>
</testsuite> <!-- testCases.TC104_BookHotelTest -->
