<?xml version="1.0" encoding="UTF-8"?>
<!-- Generated by org.testng.reporters.JUnitReportReporter -->
<testsuite hostname="GANESH" failures="0" tests="1" name="testCases.TC101_LoginTest" time="2.572" errors="0" timestamp="2024-12-30T08:47:16 IST" skipped="0">
  <testcase classname="testCases.TC101_LoginTest" name="Validlogin" time="2.572"/>
</testsuite> <!-- testCases.TC101_LoginTest -->
