<?xml version="1.0" encoding="UTF-8"?>
<!-- Generated by org.testng.reporters.JUnitReportReporter -->
<testsuite hostname="GANESH" failures="0" tests="4" name="testCases.TC103_SelectHotelTest" time="15.326" errors="0" timestamp="2024-12-30T08:47:16 IST" skipped="0">
  <testcase classname="testCases.TC103_SelectHotelTest" name="valid_selectHotel" time="3.955"/>
  <testcase classname="testCases.TC103_SelectHotelTest" name="validate_searchhotel" time="3.344"/>
  <testcase classname="testCases.TC103_SelectHotelTest" name="withoutSelect_hotel" time="4.761"/>
  <testcase classname="testCases.TC103_SelectHotelTest" name="priceCalculation" time="3.266"/>
</testsuite> <!-- testCases.TC103_SelectHotelTest -->
