<?xml version="1.0" encoding="UTF-8"?>
<!-- Generated by org.testng.reporters.JUnitReportReporter -->
<testsuite hostname="GANESH" failures="0" tests="1" name="testCases.TC105_EndToEndTest" time="39.009" errors="0" timestamp="2024-12-30T08:47:16 IST" skipped="0">
  <testcase classname="testCases.TC105_EndToEndTest" name="BookingConfirmation" time="39.009"/>
</testsuite> <!-- testCases.TC105_EndToEndTest -->
