<?xml version="1.0" encoding="UTF-8"?>
<!-- Generated by org.testng.reporters.JUnitReportReporter -->
<testsuite hostname="GANESH" failures="0" tests="5" name="testCases.TC101_LoginTestDDT" time="65.794" errors="0" timestamp="2024-12-30T08:47:16 IST" skipped="0">
  <testcase classname="testCases.TC101_LoginTestDDT" name="verify_loginDDT" time="14.315"/>
  <testcase classname="testCases.TC101_LoginTestDDT" name="verify_loginDDT" time="14.278"/>
  <testcase classname="testCases.TC101_LoginTestDDT" name="verify_loginDDT" time="8.918"/>
  <testcase classname="testCases.TC101_LoginTestDDT" name="verify_loginDDT" time="14.004"/>
  <testcase classname="testCases.TC101_LoginTestDDT" name="verify_loginDDT" time="14.279"/>
</testsuite> <!-- testCases.TC101_LoginTestDDT -->
